[2022-03-17 09:52:05] [ INFO ] [OdontologoDAOH2:16] Iniciando método 'GUARDAR'
[2022-03-17 09:52:05] [ INFO ] [OdontologoDAOH2:41] La ejecución del método terminó correctamente
[2022-03-17 09:52:05] [ INFO ] [OdontologoDAOH2:47] Iniciando método 'LISTAR'
[2022-03-17 09:52:05] [ INFO ] [OdontologoDAOH2:74] La ejecución del método terminó correctamente
[2022-03-17 09:52:05] [ INFO ] [OdontologoDAOH2:80] Iniciando método 'BUSCAR_POR_ID'
[2022-03-17 09:52:05] [ INFO ] [OdontologoDAOH2:105] La ejecución del método terminó correctamente
[2022-03-17 09:53:52] [ INFO ] [OdontologoDAOH2:16] Iniciando método 'GUARDAR'
[2022-03-17 09:53:52] [ INFO ] [OdontologoDAOH2:41] La ejecución del método terminó correctamente
[2022-03-17 09:53:52] [ INFO ] [OdontologoDAOH2:80] Iniciando método 'BUSCAR_POR_ID'
[2022-03-17 09:53:52] [ INFO ] [OdontologoDAOH2:105] La ejecución del método terminó correctamente
[2022-03-17 09:54:08] [ INFO ] [OdontologoDAOH2:16] Iniciando método 'GUARDAR'
[2022-03-17 09:54:08] [ INFO ] [OdontologoDAOH2:41] La ejecución del método terminó correctamente
[2022-03-17 09:54:08] [ INFO ] [OdontologoDAOH2:80] Iniciando método 'BUSCAR_POR_ID'
[2022-03-17 09:54:08] [ INFO ] [OdontologoDAOH2:105] La ejecución del método terminó correctamente
[2022-03-17 09:54:28] [ INFO ] [OdontologoDAOH2:16] Iniciando método 'GUARDAR'
[2022-03-17 09:54:28] [ INFO ] [OdontologoDAOH2:41] La ejecución del método terminó correctamente
[2022-03-17 09:54:28] [ INFO ] [OdontologoDAOH2:80] Iniciando método 'BUSCAR_POR_ID'
[2022-03-17 09:54:28] [ INFO ] [OdontologoDAOH2:105] La ejecución del método terminó correctamente
[2022-03-17 09:58:34] [ INFO ] [OdontologoDAOH2:16] Iniciando método 'GUARDAR'
[2022-03-17 09:58:34] [ INFO ] [OdontologoDAOH2:41] La ejecución del método terminó correctamente
[2022-03-17 09:58:34] [ INFO ] [OdontologoDAOH2:80] Iniciando método 'BUSCAR_POR_ID'
[2022-03-17 09:58:34] [ INFO ] [OdontologoDAOH2:105] La ejecución del método terminó correctamente
[2022-03-17 09:59:06] [ INFO ] [OdontologoDAOH2:16] Iniciando método 'GUARDAR'
[2022-03-17 09:59:06] [ INFO ] [OdontologoDAOH2:41] La ejecución del método terminó correctamente
[2022-03-17 09:59:06] [ INFO ] [OdontologoDAOH2:80] Iniciando método 'BUSCAR_POR_ID'
[2022-03-17 09:59:06] [ INFO ] [OdontologoDAOH2:105] La ejecución del método terminó correctamente
[2022-03-17 09:59:28] [ INFO ] [OdontologoDAOH2:16] Iniciando método 'GUARDAR'
[2022-03-17 09:59:28] [ INFO ] [OdontologoDAOH2:41] La ejecución del método terminó correctamente
[2022-03-17 09:59:28] [ INFO ] [OdontologoDAOH2:80] Iniciando método 'BUSCAR_POR_ID'
[2022-03-17 09:59:28] [ INFO ] [OdontologoDAOH2:105] La ejecución del método terminó correctamente
[2022-03-17 09:59:43] [ INFO ] [OdontologoDAOH2:16] Iniciando método 'GUARDAR'
[2022-03-17 09:59:43] [ INFO ] [OdontologoDAOH2:41] La ejecución del método terminó correctamente
[2022-03-17 09:59:43] [ INFO ] [OdontologoDAOH2:80] Iniciando método 'BUSCAR_POR_ID'
[2022-03-17 09:59:43] [ INFO ] [OdontologoDAOH2:105] La ejecución del método terminó correctamente
[2022-03-17 10:00:06] [ INFO ] [OdontologoDAOH2:16] Iniciando método 'GUARDAR'
[2022-03-17 10:00:06] [ INFO ] [OdontologoDAOH2:41] La ejecución del método terminó correctamente
[2022-03-17 10:00:06] [ INFO ] [OdontologoDAOH2:80] Iniciando método 'BUSCAR_POR_ID'
[2022-03-17 10:00:06] [ INFO ] [OdontologoDAOH2:105] La ejecución del método terminó correctamente
[2022-03-17 10:00:29] [ INFO ] [OdontologoDAOH2:16] Iniciando método 'GUARDAR'
[2022-03-17 10:00:30] [ INFO ] [OdontologoDAOH2:41] La ejecución del método terminó correctamente
[2022-03-17 10:00:30] [ INFO ] [OdontologoDAOH2:80] Iniciando método 'BUSCAR_POR_ID'
[2022-03-17 10:00:30] [ INFO ] [OdontologoDAOH2:105] La ejecución del método terminó correctamente
[2022-03-17 10:01:33] [ INFO ] [OdontologoDAOH2:16] Iniciando método 'GUARDAR'
[2022-03-17 10:01:33] [ INFO ] [OdontologoDAOH2:41] La ejecución del método terminó correctamente
[2022-03-17 10:01:33] [ INFO ] [OdontologoDAOH2:80] Iniciando método 'BUSCAR_POR_ID'
[2022-03-17 10:01:33] [ INFO ] [OdontologoDAOH2:105] La ejecución del método terminó correctamente
[2022-03-22 10:07:54] [ INFO ] [OdontologoDAOH2:16] Iniciando método 'GUARDAR'
[2022-03-22 10:07:54] [ INFO ] [OdontologoDAOH2:41] La ejecución del método terminó correctamente
[2022-03-22 10:07:54] [ INFO ] [OdontologoDAOH2:80] Iniciando método 'BUSCAR_POR_ID'
[2022-03-22 10:07:54] [ INFO ] [OdontologoDAOH2:105] La ejecución del método terminó correctamente
[2022-03-22 10:11:08] [ INFO ] [OdontologoDAOH2:16] Iniciando método 'GUARDAR'
[2022-03-22 10:11:08] [ INFO ] [OdontologoDAOH2:41] La ejecución del método terminó correctamente
[2022-03-22 10:11:08] [ INFO ] [OdontologoDAOH2:80] Iniciando método 'BUSCAR_POR_ID'
[2022-03-22 10:11:08] [ INFO ] [OdontologoDAOH2:105] La ejecución del método terminó correctamente
[2022-03-22 10:14:06] [ INFO ] [OdontologoDAOH2:16] Iniciando método 'GUARDAR'
[2022-03-22 10:14:06] [ INFO ] [OdontologoDAOH2:41] La ejecución del método terminó correctamente
[2022-03-22 10:14:06] [ INFO ] [OdontologoDAOH2:80] Iniciando método 'BUSCAR_POR_ID'
[2022-03-22 10:14:06] [ INFO ] [OdontologoDAOH2:105] La ejecución del método terminó correctamente
[2022-03-22 10:14:27] [ INFO ] [OdontologoDAOH2:16] Iniciando método 'GUARDAR'
[2022-03-22 10:14:27] [ INFO ] [OdontologoDAOH2:41] La ejecución del método terminó correctamente
[2022-03-22 10:14:27] [ INFO ] [OdontologoDAOH2:16] Iniciando método 'GUARDAR'
[2022-03-22 10:14:27] [ INFO ] [OdontologoDAOH2:41] La ejecución del método terminó correctamente
[2022-03-22 10:14:27] [ INFO ] [OdontologoDAOH2:16] Iniciando método 'GUARDAR'
[2022-03-22 10:14:27] [ INFO ] [OdontologoDAOH2:41] La ejecución del método terminó correctamente
[2022-03-22 10:14:27] [ INFO ] [OdontologoDAOH2:47] Iniciando método 'LISTAR'
[2022-03-22 10:14:27] [ INFO ] [OdontologoDAOH2:74] La ejecución del método terminó correctamente
[2022-03-22 10:14:32] [ INFO ] [OdontologoDAOH2:47] Iniciando método 'LISTAR'
[2022-03-22 10:14:32] [ INFO ] [OdontologoDAOH2:74] La ejecución del método terminó correctamente
[2022-03-22 10:14:48] [ INFO ] [OdontologoDAOH2:16] Iniciando método 'GUARDAR'
[2022-03-22 10:14:48] [ INFO ] [OdontologoDAOH2:41] La ejecución del método terminó correctamente
[2022-03-22 10:14:48] [ INFO ] [OdontologoDAOH2:16] Iniciando método 'GUARDAR'
[2022-03-22 10:14:48] [ INFO ] [OdontologoDAOH2:41] La ejecución del método terminó correctamente
[2022-03-22 10:14:48] [ INFO ] [OdontologoDAOH2:80] Iniciando método 'BUSCAR_POR_ID'
[2022-03-22 10:14:48] [ INFO ] [OdontologoDAOH2:105] La ejecución del método terminó correctamente
[2022-03-22 10:14:48] [ INFO ] [OdontologoDAOH2:16] Iniciando método 'GUARDAR'
[2022-03-22 10:14:48] [ INFO ] [OdontologoDAOH2:41] La ejecución del método terminó correctamente
[2022-03-22 10:14:48] [ INFO ] [OdontologoDAOH2:16] Iniciando método 'GUARDAR'
[2022-03-22 10:14:48] [ INFO ] [OdontologoDAOH2:41] La ejecución del método terminó correctamente
[2022-03-22 10:14:48] [ INFO ] [OdontologoDAOH2:16] Iniciando método 'GUARDAR'
[2022-03-22 10:14:48] [ INFO ] [OdontologoDAOH2:41] La ejecución del método terminó correctamente
[2022-03-22 10:14:48] [ INFO ] [OdontologoDAOH2:47] Iniciando método 'LISTAR'
[2022-03-22 10:14:48] [ INFO ] [OdontologoDAOH2:74] La ejecución del método terminó correctamente
[2022-03-22 10:14:48] [ INFO ] [OdontologoDAOH2:16] Iniciando método 'GUARDAR'
[2022-03-22 10:14:48] [ INFO ] [OdontologoDAOH2:41] La ejecución del método terminó correctamente
[2022-03-22 10:14:48] [ INFO ] [OdontologoDAOH2:80] Iniciando método 'BUSCAR_POR_ID'
[2022-03-22 10:14:48] [ INFO ] [OdontologoDAOH2:105] La ejecución del método terminó correctamente
[2022-03-22 10:14:58] [ INFO ] [OdontologoDAOH2:16] Iniciando método 'GUARDAR'
[2022-03-22 10:14:58] [ INFO ] [OdontologoDAOH2:41] La ejecución del método terminó correctamente
[2022-03-22 10:14:58] [ INFO ] [OdontologoDAOH2:16] Iniciando método 'GUARDAR'
[2022-03-22 10:14:58] [ INFO ] [OdontologoDAOH2:41] La ejecución del método terminó correctamente
[2022-03-22 10:14:58] [ INFO ] [OdontologoDAOH2:16] Iniciando método 'GUARDAR'
[2022-03-22 10:14:58] [ INFO ] [OdontologoDAOH2:41] La ejecución del método terminó correctamente
[2022-03-22 10:14:58] [ INFO ] [OdontologoDAOH2:47] Iniciando método 'LISTAR'
[2022-03-22 10:14:58] [ INFO ] [OdontologoDAOH2:74] La ejecución del método terminó correctamente
[2022-03-22 10:15:08] [ INFO ] [OdontologoDAOH2:16] Iniciando método 'GUARDAR'
[2022-03-22 10:15:08] [ INFO ] [OdontologoDAOH2:41] La ejecución del método terminó correctamente
[2022-03-22 10:15:08] [ INFO ] [OdontologoDAOH2:16] Iniciando método 'GUARDAR'
[2022-03-22 10:15:08] [ INFO ] [OdontologoDAOH2:41] La ejecución del método terminó correctamente
[2022-03-22 10:15:08] [ INFO ] [OdontologoDAOH2:80] Iniciando método 'BUSCAR_POR_ID'
[2022-03-22 10:15:08] [ INFO ] [OdontologoDAOH2:105] La ejecución del método terminó correctamente
[2022-03-22 10:15:08] [ INFO ] [OdontologoDAOH2:16] Iniciando método 'GUARDAR'
[2022-03-22 10:15:08] [ INFO ] [OdontologoDAOH2:41] La ejecución del método terminó correctamente
[2022-03-22 10:15:08] [ INFO ] [OdontologoDAOH2:16] Iniciando método 'GUARDAR'
[2022-03-22 10:15:08] [ INFO ] [OdontologoDAOH2:41] La ejecución del método terminó correctamente
[2022-03-22 10:15:08] [ INFO ] [OdontologoDAOH2:16] Iniciando método 'GUARDAR'
[2022-03-22 10:15:08] [ INFO ] [OdontologoDAOH2:41] La ejecución del método terminó correctamente
[2022-03-22 10:15:08] [ INFO ] [OdontologoDAOH2:47] Iniciando método 'LISTAR'
[2022-03-22 10:15:08] [ INFO ] [OdontologoDAOH2:74] La ejecución del método terminó correctamente
[2022-03-22 10:15:08] [ INFO ] [OdontologoDAOH2:16] Iniciando método 'GUARDAR'
[2022-03-22 10:15:08] [ INFO ] [OdontologoDAOH2:41] La ejecución del método terminó correctamente
[2022-03-22 10:15:08] [ INFO ] [OdontologoDAOH2:80] Iniciando método 'BUSCAR_POR_ID'
[2022-03-22 10:15:08] [ INFO ] [OdontologoDAOH2:105] La ejecución del método terminó correctamente
[2022-03-22 10:16:04] [ INFO ] [OdontologoDAOH2:16] Iniciando método 'GUARDAR'
[2022-03-22 10:16:04] [ INFO ] [OdontologoDAOH2:41] La ejecución del método terminó correctamente
[2022-03-22 10:16:04] [ INFO ] [OdontologoDAOH2:47] Iniciando método 'LISTAR'
[2022-03-22 10:16:04] [ INFO ] [OdontologoDAOH2:74] La ejecución del método terminó correctamente
[2022-03-22 10:16:04] [ INFO ] [OdontologoDAOH2:47] Iniciando método 'LISTAR'
[2022-03-22 10:16:04] [ INFO ] [OdontologoDAOH2:74] La ejecución del método terminó correctamente
[2022-03-22 10:16:04] [ INFO ] [OdontologoDAOH2:80] Iniciando método 'BUSCAR_POR_ID'
[2022-03-22 10:16:04] [ INFO ] [OdontologoDAOH2:105] La ejecución del método terminó correctamente
[2022-03-22 10:16:54] [ INFO ] [OdontologoDAOH2:16] Iniciando método 'GUARDAR'
[2022-03-22 10:16:54] [ INFO ] [OdontologoDAOH2:41] La ejecución del método terminó correctamente
[2022-03-22 10:16:54] [ INFO ] [OdontologoDAOH2:16] Iniciando método 'GUARDAR'
[2022-03-22 10:16:54] [ INFO ] [OdontologoDAOH2:41] La ejecución del método terminó correctamente
[2022-03-22 10:16:54] [ INFO ] [OdontologoDAOH2:16] Iniciando método 'GUARDAR'
[2022-03-22 10:16:54] [ INFO ] [OdontologoDAOH2:41] La ejecución del método terminó correctamente
[2022-03-22 10:16:54] [ INFO ] [OdontologoDAOH2:47] Iniciando método 'LISTAR'
[2022-03-22 10:16:54] [ INFO ] [OdontologoDAOH2:74] La ejecución del método terminó correctamente
[2022-03-22 10:17:05] [ INFO ] [OdontologoDAOH2:16] Iniciando método 'GUARDAR'
[2022-03-22 10:17:05] [ INFO ] [OdontologoDAOH2:41] La ejecución del método terminó correctamente
[2022-03-22 10:17:05] [ INFO ] [OdontologoDAOH2:16] Iniciando método 'GUARDAR'
[2022-03-22 10:17:05] [ INFO ] [OdontologoDAOH2:41] La ejecución del método terminó correctamente
[2022-03-22 10:17:05] [ INFO ] [OdontologoDAOH2:80] Iniciando método 'BUSCAR_POR_ID'
[2022-03-22 10:17:05] [ INFO ] [OdontologoDAOH2:105] La ejecución del método terminó correctamente
[2022-03-22 10:17:05] [ INFO ] [OdontologoDAOH2:16] Iniciando método 'GUARDAR'
[2022-03-22 10:17:05] [ INFO ] [OdontologoDAOH2:41] La ejecución del método terminó correctamente
[2022-03-22 10:17:05] [ INFO ] [OdontologoDAOH2:16] Iniciando método 'GUARDAR'
[2022-03-22 10:17:05] [ INFO ] [OdontologoDAOH2:41] La ejecución del método terminó correctamente
[2022-03-22 10:17:05] [ INFO ] [OdontologoDAOH2:16] Iniciando método 'GUARDAR'
[2022-03-22 10:17:05] [ INFO ] [OdontologoDAOH2:41] La ejecución del método terminó correctamente
[2022-03-22 10:17:05] [ INFO ] [OdontologoDAOH2:47] Iniciando método 'LISTAR'
[2022-03-22 10:17:05] [ INFO ] [OdontologoDAOH2:74] La ejecución del método terminó correctamente
[2022-03-22 10:17:05] [ INFO ] [OdontologoDAOH2:16] Iniciando método 'GUARDAR'
[2022-03-22 10:17:05] [ INFO ] [OdontologoDAOH2:41] La ejecución del método terminó correctamente
[2022-03-22 10:17:05] [ INFO ] [OdontologoDAOH2:80] Iniciando método 'BUSCAR_POR_ID'
[2022-03-22 10:17:05] [ INFO ] [OdontologoDAOH2:105] La ejecución del método terminó correctamente
[2022-03-22 10:19:00] [ INFO ] [OdontologoDAOH2:16] Iniciando método 'GUARDAR'
[2022-03-22 10:19:00] [ INFO ] [OdontologoDAOH2:41] La ejecución del método terminó correctamente
[2022-03-22 10:19:00] [ INFO ] [OdontologoDAOH2:16] Iniciando método 'GUARDAR'
[2022-03-22 10:19:00] [ INFO ] [OdontologoDAOH2:41] La ejecución del método terminó correctamente
[2022-03-22 10:19:00] [ INFO ] [OdontologoDAOH2:80] Iniciando método 'BUSCAR_POR_ID'
[2022-03-22 10:19:00] [ INFO ] [OdontologoDAOH2:105] La ejecución del método terminó correctamente
[2022-03-22 10:19:00] [ INFO ] [OdontologoDAOH2:16] Iniciando método 'GUARDAR'
[2022-03-22 10:19:00] [ INFO ] [OdontologoDAOH2:41] La ejecución del método terminó correctamente
[2022-03-22 10:19:00] [ INFO ] [OdontologoDAOH2:16] Iniciando método 'GUARDAR'
[2022-03-22 10:19:00] [ INFO ] [OdontologoDAOH2:41] La ejecución del método terminó correctamente
[2022-03-22 10:19:00] [ INFO ] [OdontologoDAOH2:16] Iniciando método 'GUARDAR'
[2022-03-22 10:19:00] [ INFO ] [OdontologoDAOH2:41] La ejecución del método terminó correctamente
[2022-03-22 10:19:00] [ INFO ] [OdontologoDAOH2:47] Iniciando método 'LISTAR'
[2022-03-22 10:19:00] [ INFO ] [OdontologoDAOH2:74] La ejecución del método terminó correctamente
[2022-03-22 10:19:00] [ INFO ] [OdontologoDAOH2:16] Iniciando método 'GUARDAR'
[2022-03-22 10:19:00] [ INFO ] [OdontologoDAOH2:41] La ejecución del método terminó correctamente
[2022-03-22 10:19:00] [ INFO ] [OdontologoDAOH2:80] Iniciando método 'BUSCAR_POR_ID'
[2022-03-22 10:19:00] [ INFO ] [OdontologoDAOH2:105] La ejecución del método terminó correctamente
[2022-03-22 10:19:12] [ INFO ] [OdontologoDAOH2:16] Iniciando método 'GUARDAR'
[2022-03-22 10:19:13] [ INFO ] [OdontologoDAOH2:41] La ejecución del método terminó correctamente
[2022-03-22 10:19:13] [ INFO ] [OdontologoDAOH2:16] Iniciando método 'GUARDAR'
[2022-03-22 10:19:13] [ INFO ] [OdontologoDAOH2:41] La ejecución del método terminó correctamente
[2022-03-22 10:19:13] [ INFO ] [OdontologoDAOH2:16] Iniciando método 'GUARDAR'
[2022-03-22 10:19:13] [ INFO ] [OdontologoDAOH2:41] La ejecución del método terminó correctamente
[2022-03-22 10:19:13] [ INFO ] [OdontologoDAOH2:47] Iniciando método 'LISTAR'
[2022-03-22 10:19:13] [ INFO ] [OdontologoDAOH2:74] La ejecución del método terminó correctamente
[2022-03-22 10:19:35] [ INFO ] [OdontologoDAOH2:16] Iniciando método 'GUARDAR'
[2022-03-22 10:19:35] [ INFO ] [OdontologoDAOH2:41] La ejecución del método terminó correctamente
[2022-03-22 10:19:35] [ INFO ] [OdontologoDAOH2:16] Iniciando método 'GUARDAR'
[2022-03-22 10:19:35] [ INFO ] [OdontologoDAOH2:41] La ejecución del método terminó correctamente
[2022-03-22 10:19:35] [ INFO ] [OdontologoDAOH2:47] Iniciando método 'LISTAR'
[2022-03-22 10:19:35] [ INFO ] [OdontologoDAOH2:74] La ejecución del método terminó correctamente
[2022-03-22 10:19:41] [ INFO ] [OdontologoDAOH2:16] Iniciando método 'GUARDAR'
[2022-03-22 10:19:41] [ INFO ] [OdontologoDAOH2:41] La ejecución del método terminó correctamente
[2022-03-22 10:19:41] [ INFO ] [OdontologoDAOH2:16] Iniciando método 'GUARDAR'
[2022-03-22 10:19:41] [ INFO ] [OdontologoDAOH2:41] La ejecución del método terminó correctamente
[2022-03-22 10:19:41] [ INFO ] [OdontologoDAOH2:80] Iniciando método 'BUSCAR_POR_ID'
[2022-03-22 10:19:41] [ INFO ] [OdontologoDAOH2:105] La ejecución del método terminó correctamente
[2022-03-22 10:19:41] [ INFO ] [OdontologoDAOH2:16] Iniciando método 'GUARDAR'
[2022-03-22 10:19:41] [ INFO ] [OdontologoDAOH2:41] La ejecución del método terminó correctamente
[2022-03-22 10:19:41] [ INFO ] [OdontologoDAOH2:16] Iniciando método 'GUARDAR'
[2022-03-22 10:19:41] [ INFO ] [OdontologoDAOH2:41] La ejecución del método terminó correctamente
[2022-03-22 10:19:41] [ INFO ] [OdontologoDAOH2:47] Iniciando método 'LISTAR'
[2022-03-22 10:19:41] [ INFO ] [OdontologoDAOH2:74] La ejecución del método terminó correctamente
[2022-03-22 10:19:41] [ INFO ] [OdontologoDAOH2:16] Iniciando método 'GUARDAR'
[2022-03-22 10:19:41] [ INFO ] [OdontologoDAOH2:41] La ejecución del método terminó correctamente
[2022-03-22 10:19:41] [ INFO ] [OdontologoDAOH2:80] Iniciando método 'BUSCAR_POR_ID'
[2022-03-22 10:19:41] [ INFO ] [OdontologoDAOH2:105] La ejecución del método terminó correctamente
[2022-03-22 10:21:35] [ INFO ] [OdontologoDAOH2:16] Iniciando método 'GUARDAR'
[2022-03-22 10:21:35] [ INFO ] [OdontologoDAOH2:41] La ejecución del método terminó correctamente
[2022-03-22 10:21:35] [ INFO ] [OdontologoDAOH2:16] Iniciando método 'GUARDAR'
[2022-03-22 10:21:35] [ INFO ] [OdontologoDAOH2:41] La ejecución del método terminó correctamente
[2022-03-22 10:21:35] [ INFO ] [OdontologoDAOH2:47] Iniciando método 'LISTAR'
[2022-03-22 10:21:35] [ INFO ] [OdontologoDAOH2:74] La ejecución del método terminó correctamente
[2022-03-22 10:21:43] [ INFO ] [OdontologoDAOH2:16] Iniciando método 'GUARDAR'
[2022-03-22 10:21:43] [ INFO ] [OdontologoDAOH2:41] La ejecución del método terminó correctamente
[2022-03-22 10:21:43] [ INFO ] [OdontologoDAOH2:16] Iniciando método 'GUARDAR'
[2022-03-22 10:21:43] [ INFO ] [OdontologoDAOH2:41] La ejecución del método terminó correctamente
[2022-03-22 10:21:43] [ INFO ] [OdontologoDAOH2:80] Iniciando método 'BUSCAR_POR_ID'
[2022-03-22 10:21:43] [ INFO ] [OdontologoDAOH2:105] La ejecución del método terminó correctamente
[2022-03-22 10:21:43] [ INFO ] [OdontologoDAOH2:16] Iniciando método 'GUARDAR'
[2022-03-22 10:21:43] [ INFO ] [OdontologoDAOH2:41] La ejecución del método terminó correctamente
[2022-03-22 10:21:43] [ INFO ] [OdontologoDAOH2:16] Iniciando método 'GUARDAR'
[2022-03-22 10:21:43] [ INFO ] [OdontologoDAOH2:41] La ejecución del método terminó correctamente
[2022-03-22 10:21:43] [ INFO ] [OdontologoDAOH2:47] Iniciando método 'LISTAR'
[2022-03-22 10:21:43] [ INFO ] [OdontologoDAOH2:74] La ejecución del método terminó correctamente
[2022-03-22 10:21:43] [ INFO ] [OdontologoDAOH2:16] Iniciando método 'GUARDAR'
[2022-03-22 10:21:43] [ INFO ] [OdontologoDAOH2:41] La ejecución del método terminó correctamente
[2022-03-22 10:21:43] [ INFO ] [OdontologoDAOH2:80] Iniciando método 'BUSCAR_POR_ID'
[2022-03-22 10:21:43] [ INFO ] [OdontologoDAOH2:105] La ejecución del método terminó correctamente
[2022-03-22 10:21:47] [ INFO ] [OdontologoDAOH2:16] Iniciando método 'GUARDAR'
[2022-03-22 10:21:47] [ INFO ] [OdontologoDAOH2:41] La ejecución del método terminó correctamente
[2022-03-22 10:21:47] [ INFO ] [OdontologoDAOH2:16] Iniciando método 'GUARDAR'
[2022-03-22 10:21:47] [ INFO ] [OdontologoDAOH2:41] La ejecución del método terminó correctamente
[2022-03-22 10:21:47] [ INFO ] [OdontologoDAOH2:80] Iniciando método 'BUSCAR_POR_ID'
[2022-03-22 10:21:47] [ INFO ] [OdontologoDAOH2:105] La ejecución del método terminó correctamente
[2022-03-22 10:21:47] [ INFO ] [OdontologoDAOH2:16] Iniciando método 'GUARDAR'
[2022-03-22 10:21:47] [ INFO ] [OdontologoDAOH2:41] La ejecución del método terminó correctamente
[2022-03-22 10:21:47] [ INFO ] [OdontologoDAOH2:16] Iniciando método 'GUARDAR'
[2022-03-22 10:21:47] [ INFO ] [OdontologoDAOH2:41] La ejecución del método terminó correctamente
[2022-03-22 10:21:47] [ INFO ] [OdontologoDAOH2:47] Iniciando método 'LISTAR'
[2022-03-22 10:21:47] [ INFO ] [OdontologoDAOH2:74] La ejecución del método terminó correctamente
[2022-03-22 10:21:47] [ INFO ] [OdontologoDAOH2:16] Iniciando método 'GUARDAR'
[2022-03-22 10:21:47] [ INFO ] [OdontologoDAOH2:41] La ejecución del método terminó correctamente
[2022-03-22 10:21:47] [ INFO ] [OdontologoDAOH2:80] Iniciando método 'BUSCAR_POR_ID'
[2022-03-22 10:21:47] [ INFO ] [OdontologoDAOH2:105] La ejecución del método terminó correctamente
[2022-03-22 10:22:19] [ INFO ] [OdontologoDAOH2:16] Iniciando método 'GUARDAR'
[2022-03-22 10:22:19] [ INFO ] [OdontologoDAOH2:41] La ejecución del método terminó correctamente
[2022-03-22 10:22:19] [ INFO ] [OdontologoDAOH2:16] Iniciando método 'GUARDAR'
[2022-03-22 10:22:19] [ INFO ] [OdontologoDAOH2:41] La ejecución del método terminó correctamente
[2022-03-22 10:22:19] [ INFO ] [OdontologoDAOH2:47] Iniciando método 'LISTAR'
[2022-03-22 10:22:19] [ INFO ] [OdontologoDAOH2:74] La ejecución del método terminó correctamente
[2022-03-22 10:22:50] [ INFO ] [OdontologoDAOH2:16] Iniciando método 'GUARDAR'
[2022-03-22 10:22:50] [ INFO ] [OdontologoDAOH2:41] La ejecución del método terminó correctamente
[2022-03-22 10:22:50] [ INFO ] [OdontologoDAOH2:16] Iniciando método 'GUARDAR'
[2022-03-22 10:22:50] [ INFO ] [OdontologoDAOH2:41] La ejecución del método terminó correctamente
[2022-03-22 10:22:50] [ INFO ] [OdontologoDAOH2:80] Iniciando método 'BUSCAR_POR_ID'
[2022-03-22 10:22:50] [ INFO ] [OdontologoDAOH2:105] La ejecución del método terminó correctamente
[2022-03-22 10:22:50] [ INFO ] [OdontologoDAOH2:16] Iniciando método 'GUARDAR'
[2022-03-22 10:22:50] [ INFO ] [OdontologoDAOH2:41] La ejecución del método terminó correctamente
[2022-03-22 10:22:50] [ INFO ] [OdontologoDAOH2:16] Iniciando método 'GUARDAR'
[2022-03-22 10:22:50] [ INFO ] [OdontologoDAOH2:41] La ejecución del método terminó correctamente
[2022-03-22 10:22:50] [ INFO ] [OdontologoDAOH2:47] Iniciando método 'LISTAR'
[2022-03-22 10:22:50] [ INFO ] [OdontologoDAOH2:74] La ejecución del método terminó correctamente
[2022-03-22 10:22:50] [ INFO ] [OdontologoDAOH2:16] Iniciando método 'GUARDAR'
[2022-03-22 10:22:50] [ INFO ] [OdontologoDAOH2:41] La ejecución del método terminó correctamente
[2022-03-22 10:22:50] [ INFO ] [OdontologoDAOH2:80] Iniciando método 'BUSCAR_POR_ID'
[2022-03-22 10:22:50] [ INFO ] [OdontologoDAOH2:105] La ejecución del método terminó correctamente
[2022-03-22 10:23:50] [ INFO ] [OdontologoDAOH2:16] Iniciando método 'GUARDAR'
[2022-03-22 10:23:50] [ INFO ] [OdontologoDAOH2:41] La ejecución del método terminó correctamente
[2022-03-22 10:23:50] [ INFO ] [OdontologoDAOH2:16] Iniciando método 'GUARDAR'
[2022-03-22 10:23:50] [ INFO ] [OdontologoDAOH2:41] La ejecución del método terminó correctamente
[2022-03-22 10:23:50] [ INFO ] [OdontologoDAOH2:47] Iniciando método 'LISTAR'
[2022-03-22 10:23:50] [ INFO ] [OdontologoDAOH2:74] La ejecución del método terminó correctamente
[2022-03-22 10:24:36] [ INFO ] [OdontologoDAOH2:16] Iniciando método 'GUARDAR'
[2022-03-22 10:24:36] [ INFO ] [OdontologoDAOH2:41] La ejecución del método terminó correctamente
[2022-03-22 10:24:36] [ INFO ] [OdontologoDAOH2:16] Iniciando método 'GUARDAR'
[2022-03-22 10:24:36] [ INFO ] [OdontologoDAOH2:41] La ejecución del método terminó correctamente
[2022-03-22 10:24:36] [ INFO ] [OdontologoDAOH2:80] Iniciando método 'BUSCAR_POR_ID'
[2022-03-22 10:24:36] [ INFO ] [OdontologoDAOH2:105] La ejecución del método terminó correctamente
[2022-03-22 10:24:36] [ INFO ] [OdontologoDAOH2:16] Iniciando método 'GUARDAR'
[2022-03-22 10:24:36] [ INFO ] [OdontologoDAOH2:41] La ejecución del método terminó correctamente
[2022-03-22 10:24:36] [ INFO ] [OdontologoDAOH2:16] Iniciando método 'GUARDAR'
[2022-03-22 10:24:36] [ INFO ] [OdontologoDAOH2:41] La ejecución del método terminó correctamente
[2022-03-22 10:24:36] [ INFO ] [OdontologoDAOH2:47] Iniciando método 'LISTAR'
[2022-03-22 10:24:36] [ INFO ] [OdontologoDAOH2:74] La ejecución del método terminó correctamente
[2022-03-22 10:24:36] [ INFO ] [OdontologoDAOH2:16] Iniciando método 'GUARDAR'
[2022-03-22 10:24:36] [ INFO ] [OdontologoDAOH2:41] La ejecución del método terminó correctamente
[2022-03-22 10:24:36] [ INFO ] [OdontologoDAOH2:80] Iniciando método 'BUSCAR_POR_ID'
[2022-03-22 10:24:36] [ INFO ] [OdontologoDAOH2:105] La ejecución del método terminó correctamente
[2022-03-22 10:25:17] [ INFO ] [OdontologoDAOH2:16] Iniciando método 'GUARDAR'
[2022-03-22 10:25:17] [ INFO ] [OdontologoDAOH2:41] La ejecución del método terminó correctamente
[2022-03-22 10:25:17] [ INFO ] [OdontologoDAOH2:16] Iniciando método 'GUARDAR'
[2022-03-22 10:25:18] [ INFO ] [OdontologoDAOH2:41] La ejecución del método terminó correctamente
[2022-03-22 10:25:18] [ INFO ] [OdontologoDAOH2:80] Iniciando método 'BUSCAR_POR_ID'
[2022-03-22 10:25:18] [ INFO ] [OdontologoDAOH2:105] La ejecución del método terminó correctamente
[2022-03-22 10:25:18] [ INFO ] [OdontologoDAOH2:47] Iniciando método 'LISTAR'
[2022-03-22 10:25:18] [ INFO ] [OdontologoDAOH2:74] La ejecución del método terminó correctamente
[2022-03-22 10:25:18] [ INFO ] [OdontologoDAOH2:16] Iniciando método 'GUARDAR'
[2022-03-22 10:25:18] [ INFO ] [OdontologoDAOH2:41] La ejecución del método terminó correctamente
[2022-03-22 10:25:18] [ INFO ] [OdontologoDAOH2:80] Iniciando método 'BUSCAR_POR_ID'
[2022-03-22 10:25:18] [ INFO ] [OdontologoDAOH2:105] La ejecución del método terminó correctamente
[2022-03-22 10:25:56] [ INFO ] [OdontologoDAOH2:16] Iniciando método 'GUARDAR'
[2022-03-22 10:25:56] [ INFO ] [OdontologoDAOH2:41] La ejecución del método terminó correctamente
[2022-03-22 10:25:56] [ INFO ] [OdontologoDAOH2:16] Iniciando método 'GUARDAR'
[2022-03-22 10:25:56] [ INFO ] [OdontologoDAOH2:41] La ejecución del método terminó correctamente
[2022-03-22 10:25:56] [ INFO ] [OdontologoDAOH2:80] Iniciando método 'BUSCAR_POR_ID'
[2022-03-22 10:25:56] [ INFO ] [OdontologoDAOH2:105] La ejecución del método terminó correctamente
[2022-03-22 10:25:56] [ INFO ] [OdontologoDAOH2:47] Iniciando método 'LISTAR'
[2022-03-22 10:25:56] [ INFO ] [OdontologoDAOH2:74] La ejecución del método terminó correctamente
[2022-03-22 10:25:56] [ INFO ] [OdontologoDAOH2:16] Iniciando método 'GUARDAR'
[2022-03-22 10:25:56] [ INFO ] [OdontologoDAOH2:41] La ejecución del método terminó correctamente
[2022-03-22 10:25:56] [ INFO ] [OdontologoDAOH2:80] Iniciando método 'BUSCAR_POR_ID'
[2022-03-22 10:25:56] [ INFO ] [OdontologoDAOH2:105] La ejecución del método terminó correctamente
[2022-03-22 10:26:06] [ INFO ] [OdontologoDAOH2:47] Iniciando método 'LISTAR'
[2022-03-22 10:26:06] [ INFO ] [OdontologoDAOH2:74] La ejecución del método terminó correctamente
[2022-03-22 10:26:06] [ INFO ] [OdontologoDAOH2:16] Iniciando método 'GUARDAR'
[2022-03-22 10:26:06] [ INFO ] [OdontologoDAOH2:41] La ejecución del método terminó correctamente
[2022-03-22 10:26:06] [ INFO ] [OdontologoDAOH2:16] Iniciando método 'GUARDAR'
[2022-03-22 10:26:06] [ INFO ] [OdontologoDAOH2:41] La ejecución del método terminó correctamente
[2022-03-22 10:26:06] [ INFO ] [OdontologoDAOH2:80] Iniciando método 'BUSCAR_POR_ID'
[2022-03-22 10:26:06] [ INFO ] [OdontologoDAOH2:105] La ejecución del método terminó correctamente
[2022-03-22 10:26:06] [ INFO ] [OdontologoDAOH2:47] Iniciando método 'LISTAR'
[2022-03-22 10:26:06] [ INFO ] [OdontologoDAOH2:74] La ejecución del método terminó correctamente
[2022-03-22 10:26:24] [ INFO ] [OdontologoDAOH2:16] Iniciando método 'GUARDAR'
[2022-03-22 10:26:24] [ INFO ] [OdontologoDAOH2:41] La ejecución del método terminó correctamente
[2022-03-22 10:26:24] [ INFO ] [OdontologoDAOH2:16] Iniciando método 'GUARDAR'
[2022-03-22 10:26:24] [ INFO ] [OdontologoDAOH2:41] La ejecución del método terminó correctamente
[2022-03-22 10:26:24] [ INFO ] [OdontologoDAOH2:80] Iniciando método 'BUSCAR_POR_ID'
[2022-03-22 10:26:24] [ INFO ] [OdontologoDAOH2:105] La ejecución del método terminó correctamente
[2022-03-22 10:26:28] [ INFO ] [OdontologoDAOH2:16] Iniciando método 'GUARDAR'
[2022-03-22 10:26:28] [ INFO ] [OdontologoDAOH2:41] La ejecución del método terminó correctamente
[2022-03-22 10:26:28] [ INFO ] [OdontologoDAOH2:80] Iniciando método 'BUSCAR_POR_ID'
[2022-03-22 10:26:28] [ INFO ] [OdontologoDAOH2:105] La ejecución del método terminó correctamente
[2022-03-22 10:26:48] [ INFO ] [OdontologoDAOH2:16] Iniciando método 'GUARDAR'
[2022-03-22 10:26:48] [ INFO ] [OdontologoDAOH2:41] La ejecución del método terminó correctamente
[2022-03-22 10:26:48] [ INFO ] [OdontologoDAOH2:16] Iniciando método 'GUARDAR'
[2022-03-22 10:26:48] [ INFO ] [OdontologoDAOH2:41] La ejecución del método terminó correctamente
[2022-03-22 10:26:48] [ INFO ] [OdontologoDAOH2:47] Iniciando método 'LISTAR'
[2022-03-22 10:26:48] [ INFO ] [OdontologoDAOH2:74] La ejecución del método terminó correctamente
[2022-03-22 10:31:58] [ INFO ] [OdontologoDAOH2:16] Iniciando método 'GUARDAR'
[2022-03-22 10:31:58] [ INFO ] [OdontologoDAOH2:41] La ejecución del método terminó correctamente
[2022-03-22 10:31:58] [ INFO ] [OdontologoDAOH2:16] Iniciando método 'GUARDAR'
[2022-03-22 10:31:58] [ INFO ] [OdontologoDAOH2:41] La ejecución del método terminó correctamente
[2022-03-22 10:31:58] [ INFO ] [OdontologoDAOH2:80] Iniciando método 'BUSCAR_POR_ID'
[2022-03-22 10:31:58] [ INFO ] [OdontologoDAOH2:105] La ejecución del método terminó correctamente
[2022-03-22 10:31:58] [ INFO ] [OdontologoDAOH2:16] Iniciando método 'GUARDAR'
[2022-03-22 10:31:58] [ INFO ] [OdontologoDAOH2:41] La ejecución del método terminó correctamente
[2022-03-22 10:31:58] [ INFO ] [OdontologoDAOH2:16] Iniciando método 'GUARDAR'
[2022-03-22 10:31:58] [ INFO ] [OdontologoDAOH2:41] La ejecución del método terminó correctamente
[2022-03-22 10:31:58] [ INFO ] [OdontologoDAOH2:47] Iniciando método 'LISTAR'
[2022-03-22 10:31:58] [ INFO ] [OdontologoDAOH2:74] La ejecución del método terminó correctamente
[2022-03-22 10:31:58] [ INFO ] [OdontologoDAOH2:16] Iniciando método 'GUARDAR'
[2022-03-22 10:31:58] [ INFO ] [OdontologoDAOH2:41] La ejecución del método terminó correctamente
[2022-03-22 10:31:58] [ INFO ] [OdontologoDAOH2:80] Iniciando método 'BUSCAR_POR_ID'
[2022-03-22 10:31:58] [ INFO ] [OdontologoDAOH2:105] La ejecución del método terminó correctamente
[2022-03-22 10:32:06] [ INFO ] [OdontologoDAOH2:16] Iniciando método 'GUARDAR'
[2022-03-22 10:32:06] [ INFO ] [OdontologoDAOH2:41] La ejecución del método terminó correctamente
[2022-03-22 10:32:06] [ INFO ] [OdontologoDAOH2:16] Iniciando método 'GUARDAR'
[2022-03-22 10:32:06] [ INFO ] [OdontologoDAOH2:41] La ejecución del método terminó correctamente
[2022-03-22 10:32:06] [ INFO ] [OdontologoDAOH2:47] Iniciando método 'LISTAR'
[2022-03-22 10:32:06] [ INFO ] [OdontologoDAOH2:74] La ejecución del método terminó correctamente
[2022-03-22 10:47:32] [ INFO ] [OdontologoDAOH2:16] Iniciando método 'GUARDAR'
[2022-03-22 10:47:32] [ INFO ] [OdontologoDAOH2:41] La ejecución del método terminó correctamente
[2022-03-22 10:47:32] [ INFO ] [OdontologoDAOH2:16] Iniciando método 'GUARDAR'
[2022-03-22 10:47:32] [ INFO ] [OdontologoDAOH2:41] La ejecución del método terminó correctamente
[2022-03-22 10:47:32] [ INFO ] [OdontologoDAOH2:16] Iniciando método 'GUARDAR'
[2022-03-22 10:47:32] [ INFO ] [OdontologoDAOH2:41] La ejecución del método terminó correctamente
[2022-03-22 10:47:32] [ INFO ] [OdontologoDAOH2:47] Iniciando método 'LISTAR'
[2022-03-22 10:47:32] [ INFO ] [OdontologoDAOH2:74] La ejecución del método terminó correctamente
[2022-03-22 10:50:55] [ INFO ] [OdontologoDAOH2:16] Iniciando método 'GUARDAR'
[2022-03-22 10:50:55] [ INFO ] [OdontologoDAOH2:41] La ejecución del método terminó correctamente
[2022-03-22 10:50:55] [ INFO ] [OdontologoDAOH2:16] Iniciando método 'GUARDAR'
[2022-03-22 10:50:55] [ INFO ] [OdontologoDAOH2:41] La ejecución del método terminó correctamente
[2022-03-22 10:50:55] [ INFO ] [OdontologoDAOH2:16] Iniciando método 'GUARDAR'
[2022-03-22 10:50:55] [ INFO ] [OdontologoDAOH2:41] La ejecución del método terminó correctamente
[2022-03-22 10:50:55] [ INFO ] [OdontologoDAOH2:47] Iniciando método 'LISTAR'
[2022-03-22 10:50:55] [ INFO ] [OdontologoDAOH2:74] La ejecución del método terminó correctamente
[2022-03-22 10:51:06] [ INFO ] [OdontologoDAOH2:16] Iniciando método 'GUARDAR'
[2022-03-22 10:51:06] [ INFO ] [OdontologoDAOH2:41] La ejecución del método terminó correctamente
[2022-03-22 10:51:06] [ INFO ] [OdontologoDAOH2:16] Iniciando método 'GUARDAR'
[2022-03-22 10:51:06] [ INFO ] [OdontologoDAOH2:41] La ejecución del método terminó correctamente
[2022-03-22 10:51:06] [ INFO ] [OdontologoDAOH2:80] Iniciando método 'BUSCAR_POR_ID'
[2022-03-22 10:51:06] [ INFO ] [OdontologoDAOH2:105] La ejecución del método terminó correctamente
[2022-03-22 10:51:06] [ INFO ] [OdontologoDAOH2:16] Iniciando método 'GUARDAR'
[2022-03-22 10:51:06] [ INFO ] [OdontologoDAOH2:41] La ejecución del método terminó correctamente
[2022-03-22 10:51:06] [ INFO ] [OdontologoDAOH2:16] Iniciando método 'GUARDAR'
[2022-03-22 10:51:06] [ INFO ] [OdontologoDAOH2:41] La ejecución del método terminó correctamente
[2022-03-22 10:51:06] [ INFO ] [OdontologoDAOH2:16] Iniciando método 'GUARDAR'
[2022-03-22 10:51:06] [ INFO ] [OdontologoDAOH2:41] La ejecución del método terminó correctamente
[2022-03-22 10:51:06] [ INFO ] [OdontologoDAOH2:47] Iniciando método 'LISTAR'
[2022-03-22 10:51:06] [ INFO ] [OdontologoDAOH2:74] La ejecución del método terminó correctamente
[2022-03-22 10:51:06] [ INFO ] [OdontologoDAOH2:16] Iniciando método 'GUARDAR'
[2022-03-22 10:51:06] [ INFO ] [OdontologoDAOH2:41] La ejecución del método terminó correctamente
[2022-03-22 10:51:06] [ INFO ] [OdontologoDAOH2:80] Iniciando método 'BUSCAR_POR_ID'
[2022-03-22 10:51:06] [ INFO ] [OdontologoDAOH2:105] La ejecución del método terminó correctamente
[2022-03-22 10:53:11] [ INFO ] [OdontologoDAOH2:16] Iniciando método 'GUARDAR'
[2022-03-22 10:53:11] [ INFO ] [OdontologoDAOH2:41] La ejecución del método terminó correctamente
[2022-03-22 10:53:11] [ INFO ] [OdontologoDAOH2:16] Iniciando método 'GUARDAR'
[2022-03-22 10:53:12] [ INFO ] [OdontologoDAOH2:41] La ejecución del método terminó correctamente
[2022-03-22 10:53:12] [ INFO ] [OdontologoDAOH2:80] Iniciando método 'BUSCAR_POR_ID'
[2022-03-22 10:53:12] [ INFO ] [OdontologoDAOH2:105] La ejecución del método terminó correctamente
[2022-03-22 10:53:12] [ INFO ] [OdontologoDAOH2:16] Iniciando método 'GUARDAR'
[2022-03-22 10:53:12] [ INFO ] [OdontologoDAOH2:41] La ejecución del método terminó correctamente
[2022-03-22 10:53:12] [ INFO ] [OdontologoDAOH2:16] Iniciando método 'GUARDAR'
[2022-03-22 10:53:12] [ INFO ] [OdontologoDAOH2:41] La ejecución del método terminó correctamente
[2022-03-22 10:53:12] [ INFO ] [OdontologoDAOH2:16] Iniciando método 'GUARDAR'
[2022-03-22 10:53:12] [ INFO ] [OdontologoDAOH2:41] La ejecución del método terminó correctamente
[2022-03-22 10:53:12] [ INFO ] [OdontologoDAOH2:47] Iniciando método 'LISTAR'
[2022-03-22 10:53:12] [ INFO ] [OdontologoDAOH2:74] La ejecución del método terminó correctamente
[2022-03-22 10:53:12] [ INFO ] [OdontologoDAOH2:16] Iniciando método 'GUARDAR'
[2022-03-22 10:53:12] [ INFO ] [OdontologoDAOH2:41] La ejecución del método terminó correctamente
[2022-03-22 10:53:12] [ INFO ] [OdontologoDAOH2:80] Iniciando método 'BUSCAR_POR_ID'
[2022-03-22 10:53:12] [ INFO ] [OdontologoDAOH2:105] La ejecución del método terminó correctamente
[2022-03-22 10:53:56] [ INFO ] [OdontologoDAOH2:16] Iniciando método 'GUARDAR'
[2022-03-22 10:53:56] [ INFO ] [OdontologoDAOH2:41] La ejecución del método terminó correctamente
[2022-03-22 10:53:56] [ INFO ] [OdontologoDAOH2:16] Iniciando método 'GUARDAR'
[2022-03-22 10:53:56] [ INFO ] [OdontologoDAOH2:41] La ejecución del método terminó correctamente
[2022-03-22 10:53:56] [ INFO ] [OdontologoDAOH2:80] Iniciando método 'BUSCAR_POR_ID'
[2022-03-22 10:53:56] [ INFO ] [OdontologoDAOH2:105] La ejecución del método terminó correctamente
[2022-03-22 10:53:56] [ INFO ] [OdontologoDAOH2:16] Iniciando método 'GUARDAR'
[2022-03-22 10:53:56] [ INFO ] [OdontologoDAOH2:41] La ejecución del método terminó correctamente
[2022-03-22 10:53:56] [ INFO ] [OdontologoDAOH2:16] Iniciando método 'GUARDAR'
[2022-03-22 10:53:56] [ INFO ] [OdontologoDAOH2:41] La ejecución del método terminó correctamente
[2022-03-22 10:53:56] [ INFO ] [OdontologoDAOH2:16] Iniciando método 'GUARDAR'
[2022-03-22 10:53:56] [ INFO ] [OdontologoDAOH2:41] La ejecución del método terminó correctamente
[2022-03-22 10:53:56] [ INFO ] [OdontologoDAOH2:47] Iniciando método 'LISTAR'
[2022-03-22 10:53:56] [ INFO ] [OdontologoDAOH2:74] La ejecución del método terminó correctamente
[2022-03-22 10:53:56] [ INFO ] [OdontologoDAOH2:16] Iniciando método 'GUARDAR'
[2022-03-22 10:53:56] [ INFO ] [OdontologoDAOH2:41] La ejecución del método terminó correctamente
[2022-03-22 10:53:56] [ INFO ] [OdontologoDAOH2:80] Iniciando método 'BUSCAR_POR_ID'
[2022-03-22 10:53:56] [ INFO ] [OdontologoDAOH2:105] La ejecución del método terminó correctamente
[2022-03-22 10:54:26] [ INFO ] [OdontologoDAOH2:16] Iniciando método 'GUARDAR'
[2022-03-22 10:54:26] [ INFO ] [OdontologoDAOH2:41] La ejecución del método terminó correctamente
[2022-03-22 10:54:26] [ INFO ] [OdontologoDAOH2:16] Iniciando método 'GUARDAR'
[2022-03-22 10:54:26] [ INFO ] [OdontologoDAOH2:41] La ejecución del método terminó correctamente
[2022-03-22 10:54:26] [ INFO ] [OdontologoDAOH2:16] Iniciando método 'GUARDAR'
[2022-03-22 10:54:26] [ INFO ] [OdontologoDAOH2:41] La ejecución del método terminó correctamente
[2022-03-22 10:54:26] [ INFO ] [OdontologoDAOH2:47] Iniciando método 'LISTAR'
[2022-03-22 10:54:26] [ INFO ] [OdontologoDAOH2:74] La ejecución del método terminó correctamente
[2022-03-22 10:56:01] [ INFO ] [OdontologoDAOH2:16] Iniciando método 'GUARDAR'
[2022-03-22 10:56:01] [ INFO ] [OdontologoDAOH2:41] La ejecución del método terminó correctamente
[2022-03-22 10:56:01] [ INFO ] [OdontologoDAOH2:16] Iniciando método 'GUARDAR'
[2022-03-22 10:56:01] [ INFO ] [OdontologoDAOH2:41] La ejecución del método terminó correctamente
[2022-03-22 10:56:01] [ INFO ] [OdontologoDAOH2:80] Iniciando método 'BUSCAR_POR_ID'
[2022-03-22 10:56:01] [ INFO ] [OdontologoDAOH2:105] La ejecución del método terminó correctamente
[2022-03-22 10:56:01] [ INFO ] [OdontologoDAOH2:16] Iniciando método 'GUARDAR'
[2022-03-22 10:56:01] [ INFO ] [OdontologoDAOH2:41] La ejecución del método terminó correctamente
[2022-03-22 10:56:01] [ INFO ] [OdontologoDAOH2:16] Iniciando método 'GUARDAR'
[2022-03-22 10:56:01] [ INFO ] [OdontologoDAOH2:41] La ejecución del método terminó correctamente
[2022-03-22 10:56:01] [ INFO ] [OdontologoDAOH2:16] Iniciando método 'GUARDAR'
[2022-03-22 10:56:01] [ INFO ] [OdontologoDAOH2:41] La ejecución del método terminó correctamente
[2022-03-22 10:56:01] [ INFO ] [OdontologoDAOH2:47] Iniciando método 'LISTAR'
[2022-03-22 10:56:01] [ INFO ] [OdontologoDAOH2:74] La ejecución del método terminó correctamente
[2022-03-22 10:56:01] [ INFO ] [OdontologoDAOH2:16] Iniciando método 'GUARDAR'
[2022-03-22 10:56:01] [ INFO ] [OdontologoDAOH2:41] La ejecución del método terminó correctamente
[2022-03-22 10:56:01] [ INFO ] [OdontologoDAOH2:80] Iniciando método 'BUSCAR_POR_ID'
[2022-03-22 10:56:01] [ INFO ] [OdontologoDAOH2:105] La ejecución del método terminó correctamente
[2022-03-22 11:01:48] [ INFO ] [OdontologoDAOH2:16] Iniciando método 'GUARDAR'
[2022-03-22 11:01:48] [ INFO ] [OdontologoDAOH2:41] La ejecución del método terminó correctamente
[2022-03-22 11:01:48] [ INFO ] [OdontologoDAOH2:16] Iniciando método 'GUARDAR'
[2022-03-22 11:01:48] [ INFO ] [OdontologoDAOH2:41] La ejecución del método terminó correctamente
[2022-03-22 11:01:48] [ INFO ] [OdontologoDAOH2:80] Iniciando método 'BUSCAR_POR_ID'
[2022-03-22 11:01:48] [ INFO ] [OdontologoDAOH2:105] La ejecución del método terminó correctamente
[2022-03-22 11:01:48] [ INFO ] [OdontologoDAOH2:16] Iniciando método 'GUARDAR'
[2022-03-22 11:01:48] [ INFO ] [OdontologoDAOH2:41] La ejecución del método terminó correctamente
[2022-03-22 11:01:48] [ INFO ] [OdontologoDAOH2:16] Iniciando método 'GUARDAR'
[2022-03-22 11:01:48] [ INFO ] [OdontologoDAOH2:41] La ejecución del método terminó correctamente
[2022-03-22 11:01:48] [ INFO ] [OdontologoDAOH2:16] Iniciando método 'GUARDAR'
[2022-03-22 11:01:49] [ INFO ] [OdontologoDAOH2:41] La ejecución del método terminó correctamente
[2022-03-22 11:01:49] [ INFO ] [OdontologoDAOH2:47] Iniciando método 'LISTAR'
[2022-03-22 11:01:49] [ INFO ] [OdontologoDAOH2:74] La ejecución del método terminó correctamente
[2022-03-22 11:01:49] [ INFO ] [OdontologoDAOH2:16] Iniciando método 'GUARDAR'
[2022-03-22 11:01:49] [ INFO ] [OdontologoDAOH2:41] La ejecución del método terminó correctamente
[2022-03-22 11:01:49] [ INFO ] [OdontologoDAOH2:80] Iniciando método 'BUSCAR_POR_ID'
[2022-03-22 11:01:49] [ INFO ] [OdontologoDAOH2:105] La ejecución del método terminó correctamente
[2022-03-22 11:01:58] [ INFO ] [OdontologoDAOH2:16] Iniciando método 'GUARDAR'
[2022-03-22 11:01:58] [ INFO ] [OdontologoDAOH2:41] La ejecución del método terminó correctamente
[2022-03-22 11:01:58] [ INFO ] [OdontologoDAOH2:16] Iniciando método 'GUARDAR'
[2022-03-22 11:01:58] [ INFO ] [OdontologoDAOH2:41] La ejecución del método terminó correctamente
[2022-03-22 11:01:58] [ INFO ] [OdontologoDAOH2:80] Iniciando método 'BUSCAR_POR_ID'
[2022-03-22 11:01:58] [ INFO ] [OdontologoDAOH2:105] La ejecución del método terminó correctamente
[2022-03-22 11:01:58] [ INFO ] [OdontologoDAOH2:16] Iniciando método 'GUARDAR'
[2022-03-22 11:01:58] [ INFO ] [OdontologoDAOH2:41] La ejecución del método terminó correctamente
[2022-03-22 11:01:58] [ INFO ] [OdontologoDAOH2:16] Iniciando método 'GUARDAR'
[2022-03-22 11:01:58] [ INFO ] [OdontologoDAOH2:41] La ejecución del método terminó correctamente
[2022-03-22 11:01:58] [ INFO ] [OdontologoDAOH2:16] Iniciando método 'GUARDAR'
[2022-03-22 11:01:58] [ INFO ] [OdontologoDAOH2:41] La ejecución del método terminó correctamente
[2022-03-22 11:01:58] [ INFO ] [OdontologoDAOH2:47] Iniciando método 'LISTAR'
[2022-03-22 11:01:58] [ INFO ] [OdontologoDAOH2:74] La ejecución del método terminó correctamente
[2022-03-22 11:01:58] [ INFO ] [OdontologoDAOH2:16] Iniciando método 'GUARDAR'
[2022-03-22 11:01:58] [ INFO ] [OdontologoDAOH2:41] La ejecución del método terminó correctamente
[2022-03-22 11:01:58] [ INFO ] [OdontologoDAOH2:80] Iniciando método 'BUSCAR_POR_ID'
[2022-03-22 11:01:58] [ INFO ] [OdontologoDAOH2:105] La ejecución del método terminó correctamente
[2022-03-22 11:05:00] [ INFO ] [OdontologoDAOH2:16] Iniciando método 'GUARDAR'
[2022-03-22 11:05:00] [ INFO ] [OdontologoDAOH2:41] La ejecución del método terminó correctamente
[2022-03-22 11:05:00] [ INFO ] [OdontologoDAOH2:16] Iniciando método 'GUARDAR'
[2022-03-22 11:05:00] [ INFO ] [OdontologoDAOH2:41] La ejecución del método terminó correctamente
[2022-03-22 11:05:00] [ INFO ] [OdontologoDAOH2:16] Iniciando método 'GUARDAR'
[2022-03-22 11:05:00] [ INFO ] [OdontologoDAOH2:41] La ejecución del método terminó correctamente
[2022-03-22 11:05:00] [ INFO ] [OdontologoDAOH2:47] Iniciando método 'LISTAR'
[2022-03-22 11:05:00] [ INFO ] [OdontologoDAOH2:74] La ejecución del método terminó correctamente
[2022-03-22 11:05:00] [ INFO ] [OdontologoDAOH2:16] Iniciando método 'GUARDAR'
[2022-03-22 11:05:00] [ INFO ] [OdontologoDAOH2:41] La ejecución del método terminó correctamente
[2022-03-22 11:05:00] [ INFO ] [OdontologoDAOH2:16] Iniciando método 'GUARDAR'
[2022-03-22 11:05:00] [ INFO ] [OdontologoDAOH2:41] La ejecución del método terminó correctamente
[2022-03-22 11:05:00] [ INFO ] [OdontologoDAOH2:80] Iniciando método 'BUSCAR_POR_ID'
[2022-03-22 11:05:00] [ INFO ] [OdontologoDAOH2:105] La ejecución del método terminó correctamente
[2022-03-22 11:05:00] [ INFO ] [OdontologoDAOH2:16] Iniciando método 'GUARDAR'
[2022-03-22 11:05:00] [ INFO ] [OdontologoDAOH2:41] La ejecución del método terminó correctamente
[2022-03-22 11:05:00] [ INFO ] [OdontologoDAOH2:80] Iniciando método 'BUSCAR_POR_ID'
[2022-03-22 11:05:00] [ INFO ] [OdontologoDAOH2:105] La ejecución del método terminó correctamente
[2022-05-03 12:06:08] [ INFO ] [OdontologoDAOH2:16] Iniciando método 'GUARDAR'
[2022-05-03 12:06:08] [ INFO ] [OdontologoDAOH2:41] La ejecución del método terminó correctamente
[2022-05-03 12:06:08] [ INFO ] [OdontologoDAOH2:16] Iniciando método 'GUARDAR'
[2022-05-03 12:06:08] [ INFO ] [OdontologoDAOH2:41] La ejecución del método terminó correctamente
[2022-05-03 12:06:08] [ INFO ] [OdontologoDAOH2:16] Iniciando método 'GUARDAR'
[2022-05-03 12:06:08] [ INFO ] [OdontologoDAOH2:41] La ejecución del método terminó correctamente
[2022-05-03 12:06:08] [ INFO ] [OdontologoDAOH2:47] Iniciando método 'LISTAR'
[2022-05-03 12:06:08] [ INFO ] [OdontologoDAOH2:74] La ejecución del método terminó correctamente
[2022-05-03 12:06:08] [ INFO ] [OdontologoDAOH2:16] Iniciando método 'GUARDAR'
[2022-05-03 12:06:08] [ INFO ] [OdontologoDAOH2:41] La ejecución del método terminó correctamente
[2022-05-03 12:06:08] [ INFO ] [OdontologoDAOH2:16] Iniciando método 'GUARDAR'
[2022-05-03 12:06:08] [ INFO ] [OdontologoDAOH2:41] La ejecución del método terminó correctamente
[2022-05-03 12:06:08] [ INFO ] [OdontologoDAOH2:80] Iniciando método 'BUSCAR_POR_ID'
[2022-05-03 12:06:08] [ INFO ] [OdontologoDAOH2:105] La ejecución del método terminó correctamente
[2022-05-03 12:06:08] [ INFO ] [OdontologoDAOH2:16] Iniciando método 'GUARDAR'
[2022-05-03 12:06:08] [ INFO ] [OdontologoDAOH2:41] La ejecución del método terminó correctamente
[2022-05-03 12:06:08] [ INFO ] [OdontologoDAOH2:80] Iniciando método 'BUSCAR_POR_ID'
[2022-05-03 12:06:09] [ INFO ] [OdontologoDAOH2:105] La ejecución del método terminó correctamente
